[debug] [2021-04-28T13:15:59.852Z] ----------------------------------------------------------------------
[debug] [2021-04-28T13:15:59.857Z] Command:       C:\Program Files\nodejs\node.exe C:\Users\akhil\AppData\Roaming\npm\node_modules\firebase-tools\lib\bin\firebase.js init
[debug] [2021-04-28T13:15:59.858Z] CLI Version:   9.10.0
[debug] [2021-04-28T13:15:59.858Z] Platform:      win32
[debug] [2021-04-28T13:15:59.858Z] Node Version:  v12.18.3
[debug] [2021-04-28T13:15:59.861Z] Time:          Wed Apr 28 2021 18:45:59 GMT+0530 (India Standard Time)
[debug] [2021-04-28T13:15:59.861Z] ----------------------------------------------------------------------
[debug] 
[debug] [2021-04-28T13:15:59.877Z] > command requires scopes: ["email","openid","https://www.googleapis.com/auth/cloudplatformprojects.readonly","https://www.googleapis.com/auth/firebase","https://www.googleapis.com/auth/cloud-platform"]
[debug] [2021-04-28T13:15:59.878Z] > authorizing via signed-in user (akhilvong@gmail.com)
[info] 
     ######## #### ########  ######## ########     ###     ######  ########
     ##        ##  ##     ## ##       ##     ##  ##   ##  ##       ##
     ######    ##  ########  ######   ########  #########  ######  ######
     ##        ##  ##    ##  ##       ##     ## ##     ##       ## ##
     ##       #### ##     ## ######## ########  ##     ##  ######  ########

You're about to initialize a Firebase project in this directory:

  E:\projects\angular-learning\loginpage-1\angular-10-registration-login-example

Before we get started, keep in mind:

  * You are initializing in an existing Firebase project directory

